<?xml version="1.0" encoding="UTF-8"?>
<testsuite xmlns:xsi="http://www.w3.org/2001/XMLSchema-instance" xsi:noNamespaceSchemaLocation="https://maven.apache.org/surefire/maven-surefire-plugin/xsd/surefire-test-report.xsd" name="com.example.AppTest" time="0.086" tests="1" errors="0" skipped="0" failures="0">
  <properties>
    <property name="java.specification.version" value="17"/>
    <property name="sun.cpu.isalist" value="amd64"/>
    <property name="sun.jnu.encoding" value="Cp1252"/>
    <property name="java.class.path" value="c:\Users\Cristian A. Rossi\Desktop\tpi-final\demo\target\test-classes;c:\Users\Cristian A. Rossi\Desktop\tpi-final\demo\target\classes;C:\Users\Cristian A. Rossi\.m2\repository\jakarta\platform\jakarta.jakartaee-api\9.0.0\jakarta.jakartaee-api-9.0.0.jar;C:\Users\Cristian A. Rossi\.m2\repository\org\glassfish\web\jakarta.servlet.jsp.jstl\2.0.0\jakarta.servlet.jsp.jstl-2.0.0.jar;C:\Users\Cristian A. Rossi\.m2\repository\jakarta\servlet\jsp\jstl\jakarta.servlet.jsp.jstl-api\2.0.0\jakarta.servlet.jsp.jstl-api-2.0.0.jar;C:\Users\Cristian A. Rossi\.m2\repository\jakarta\servlet\jakarta.servlet-api\5.0.0\jakarta.servlet-api-5.0.0.jar;C:\Users\Cristian A. Rossi\.m2\repository\jakarta\el\jakarta.el-api\4.0.0\jakarta.el-api-4.0.0.jar;C:\Users\Cristian A. Rossi\.m2\repository\jakarta\xml\bind\jakarta.xml.bind-api\3.0.0\jakarta.xml.bind-api-3.0.0.jar;C:\Users\Cristian A. Rossi\.m2\repository\com\sun\activation\jakarta.activation\2.0.0\jakarta.activation-2.0.0.jar;C:\Users\Cristian A. Rossi\.m2\repository\com\mysql\mysql-connector-j\8.0.32\mysql-connector-j-8.0.32.jar;C:\Users\Cristian A. Rossi\.m2\repository\com\google\protobuf\protobuf-java\3.21.9\protobuf-java-3.21.9.jar;C:\Users\Cristian A. Rossi\.m2\repository\org\mariadb\jdbc\mariadb-java-client\3.1.2\mariadb-java-client-3.1.2.jar;C:\Users\Cristian A. Rossi\.m2\repository\com\github\waffle\waffle-jna\3.2.0\waffle-jna-3.2.0.jar;C:\Users\Cristian A. Rossi\.m2\repository\net\java\dev\jna\jna\5.12.1\jna-5.12.1.jar;C:\Users\Cristian A. Rossi\.m2\repository\net\java\dev\jna\jna-platform\5.12.1\jna-platform-5.12.1.jar;C:\Users\Cristian A. Rossi\.m2\repository\org\slf4j\jcl-over-slf4j\1.7.36\jcl-over-slf4j-1.7.36.jar;C:\Users\Cristian A. Rossi\.m2\repository\org\slf4j\slf4j-api\1.7.36\slf4j-api-1.7.36.jar;C:\Users\Cristian A. Rossi\.m2\repository\com\github\ben-manes\caffeine\caffeine\2.9.3\caffeine-2.9.3.jar;C:\Users\Cristian A. Rossi\.m2\repository\com\google\errorprone\error_prone_annotations\2.10.0\error_prone_annotations-2.10.0.jar;C:\Users\Cristian A. Rossi\.m2\repository\org\checkerframework\checker-qual\3.23.0\checker-qual-3.23.0.jar;C:\Users\Cristian A. Rossi\.m2\repository\junit\junit\4.11\junit-4.11.jar;C:\Users\Cristian A. Rossi\.m2\repository\org\hamcrest\hamcrest-core\1.3\hamcrest-core-1.3.jar;"/>
    <property name="java.vm.vendor" value="Oracle Corporation"/>
    <property name="sun.arch.data.model" value="64"/>
    <property name="user.variant" value=""/>
    <property name="java.vendor.url" value="https://java.oracle.com/"/>
    <property name="user.timezone" value="America/Buenos_Aires"/>
    <property name="os.name" value="Windows 10"/>
    <property name="java.vm.specification.version" value="17"/>
    <property name="sun.java.launcher" value="SUN_STANDARD"/>
    <property name="user.country" value="AR"/>
    <property name="sun.boot.library.path" value="C:\Program Files\Java\jdk-17\bin"/>
    <property name="sun.java.command" value="C:\Users\Cristian A. Rossi\AppData\Local\Temp\surefire5287237223019692158\surefirebooter97030053274744661.jar C:\Users\Cristian A. Rossi\AppData\Local\Temp\surefire5287237223019692158 2023-02-06T18-42-22_022-jvmRun1 surefire3172903192430108324tmp surefire_08369732138593520993tmp"/>
    <property name="jdk.debug" value="release"/>
    <property name="surefire.test.class.path" value="c:\Users\Cristian A. Rossi\Desktop\tpi-final\demo\target\test-classes;c:\Users\Cristian A. Rossi\Desktop\tpi-final\demo\target\classes;C:\Users\Cristian A. Rossi\.m2\repository\jakarta\platform\jakarta.jakartaee-api\9.0.0\jakarta.jakartaee-api-9.0.0.jar;C:\Users\Cristian A. Rossi\.m2\repository\org\glassfish\web\jakarta.servlet.jsp.jstl\2.0.0\jakarta.servlet.jsp.jstl-2.0.0.jar;C:\Users\Cristian A. Rossi\.m2\repository\jakarta\servlet\jsp\jstl\jakarta.servlet.jsp.jstl-api\2.0.0\jakarta.servlet.jsp.jstl-api-2.0.0.jar;C:\Users\Cristian A. Rossi\.m2\repository\jakarta\servlet\jakarta.servlet-api\5.0.0\jakarta.servlet-api-5.0.0.jar;C:\Users\Cristian A. Rossi\.m2\repository\jakarta\el\jakarta.el-api\4.0.0\jakarta.el-api-4.0.0.jar;C:\Users\Cristian A. Rossi\.m2\repository\jakarta\xml\bind\jakarta.xml.bind-api\3.0.0\jakarta.xml.bind-api-3.0.0.jar;C:\Users\Cristian A. Rossi\.m2\repository\com\sun\activation\jakarta.activation\2.0.0\jakarta.activation-2.0.0.jar;C:\Users\Cristian A. Rossi\.m2\repository\com\mysql\mysql-connector-j\8.0.32\mysql-connector-j-8.0.32.jar;C:\Users\Cristian A. Rossi\.m2\repository\com\google\protobuf\protobuf-java\3.21.9\protobuf-java-3.21.9.jar;C:\Users\Cristian A. Rossi\.m2\repository\org\mariadb\jdbc\mariadb-java-client\3.1.2\mariadb-java-client-3.1.2.jar;C:\Users\Cristian A. Rossi\.m2\repository\com\github\waffle\waffle-jna\3.2.0\waffle-jna-3.2.0.jar;C:\Users\Cristian A. Rossi\.m2\repository\net\java\dev\jna\jna\5.12.1\jna-5.12.1.jar;C:\Users\Cristian A. Rossi\.m2\repository\net\java\dev\jna\jna-platform\5.12.1\jna-platform-5.12.1.jar;C:\Users\Cristian A. Rossi\.m2\repository\org\slf4j\jcl-over-slf4j\1.7.36\jcl-over-slf4j-1.7.36.jar;C:\Users\Cristian A. Rossi\.m2\repository\org\slf4j\slf4j-api\1.7.36\slf4j-api-1.7.36.jar;C:\Users\Cristian A. Rossi\.m2\repository\com\github\ben-manes\caffeine\caffeine\2.9.3\caffeine-2.9.3.jar;C:\Users\Cristian A. Rossi\.m2\repository\com\google\errorprone\error_prone_annotations\2.10.0\error_prone_annotations-2.10.0.jar;C:\Users\Cristian A. Rossi\.m2\repository\org\checkerframework\checker-qual\3.23.0\checker-qual-3.23.0.jar;C:\Users\Cristian A. Rossi\.m2\repository\junit\junit\4.11\junit-4.11.jar;C:\Users\Cristian A. Rossi\.m2\repository\org\hamcrest\hamcrest-core\1.3\hamcrest-core-1.3.jar;"/>
    <property name="sun.cpu.endian" value="little"/>
    <property name="user.home" value="C:\Users\Cristian A. Rossi"/>
    <property name="user.language" value="es"/>
    <property name="java.specification.vendor" value="Oracle Corporation"/>
    <property name="java.version.date" value="2023-01-17"/>
    <property name="java.home" value="C:\Program Files\Java\jdk-17"/>
    <property name="file.separator" value="\"/>
    <property name="basedir" value="c:\Users\Cristian A. Rossi\Desktop\tpi-final\demo"/>
    <property name="java.vm.compressedOopsMode" value="32-bit"/>
    <property name="line.separator" value="&#10;"/>
    <property name="java.vm.specification.vendor" value="Oracle Corporation"/>
    <property name="java.specification.name" value="Java Platform API Specification"/>
    <property name="surefire.real.class.path" value="C:\Users\Cristian A. Rossi\AppData\Local\Temp\surefire5287237223019692158\surefirebooter97030053274744661.jar"/>
    <property name="user.script" value=""/>
    <property name="sun.management.compiler" value="HotSpot 64-Bit Tiered Compilers"/>
    <property name="java.runtime.version" value="17.0.6+9-LTS-190"/>
    <property name="user.name" value="Cristian A. Rossi"/>
    <property name="path.separator" value=";"/>
    <property name="os.version" value="10.0"/>
    <property name="java.runtime.name" value="Java(TM) SE Runtime Environment"/>
    <property name="file.encoding" value="Cp1252"/>
    <property name="java.vm.name" value="Java HotSpot(TM) 64-Bit Server VM"/>
    <property name="localRepository" value="C:\Users\Cristian A. Rossi\.m2\repository"/>
    <property name="java.vendor.url.bug" value="https://bugreport.java.com/bugreport/"/>
    <property name="java.io.tmpdir" value="C:\Users\Cristian A. Rossi\AppData\Local\Temp\"/>
    <property name="java.version" value="17.0.6"/>
    <property name="user.dir" value="c:\Users\Cristian A. Rossi\Desktop\tpi-final\demo"/>
    <property name="os.arch" value="amd64"/>
    <property name="java.vm.specification.name" value="Java Virtual Machine Specification"/>
    <property name="sun.os.patch.level" value=""/>
    <property name="native.encoding" value="Cp1252"/>
    <property name="java.library.path" value="C:\Program Files\Java\jdk-17\bin;C:\WINDOWS\Sun\Java\bin;C:\WINDOWS\system32;C:\WINDOWS;C:\Program Files\Java\jdk-17\bin;C:\Program Files\Common Files\Oracle\Java\javapath;C:\Program Files (x86)\Common Files\Oracle\Java\javapath;C:\ProgramData\Oracle\Java\javapath;C:\WINDOWS\system32;C:\WINDOWS;C:\WINDOWS\System32\Wbem;C:\WINDOWS\System32\WindowsPowerShell\v1.0\;C:\WINDOWS\System32\OpenSSH\;C:\xampp\php;C:\composer;C:\Program Files\Intel\WiFi\bin\;C:\Program Files\Common Files\Intel\WirelessCommon\;C:\Program Files (x86)\Intel\Intel(R) Management Engine Components\DAL;C:\Program Files\Intel\Intel(R) Management Engine Components\DAL;C:\Program Files\dotnet\;C:\Program Files\Git\cmd;C:\Program Files\apache-maven-4.0.0-alpha-4\bin;C:\Program Files\Java\jdk-17\bin;C:\ProgramData\Oracle\Java\javapath;C:\Program Files\MySQL\MySQL Shell 8.0\bin\;C:\ProgramData\Oracle\Java\javapath;C:\Users\Cristian A. Rossi\AppData\Local\Microsoft\WindowsApps;C:\Users\Cristian A. Rossi\AppData\Roaming\Composer\vendor\bin;C:\Program Files\Intel\WiFi\bin\;C:\Program Files\Common Files\Intel\WirelessCommon\;C:\Users\Cristian A. Rossi\AppData\Local\GitHubDesktop\bin;C:\Users\Cristian A. Rossi\AppData\Local\Programs\Microsoft VS Code\bin;;."/>
    <property name="java.vm.info" value="mixed mode, sharing"/>
    <property name="java.vendor" value="Oracle Corporation"/>
    <property name="java.vm.version" value="17.0.6+9-LTS-190"/>
    <property name="sun.io.unicode.encoding" value="UnicodeLittle"/>
    <property name="java.class.version" value="61.0"/>
  </properties>
  <testcase name="shouldAnswerWithTrue" classname="com.example.AppTest" time="0.003"/>
</testsuite>